2026-02-28 INFO User login successful
2026-02-28 INFO Fetched user profile
2026-02-28 ERROR Manual test error
2026-02-28 INFO Payment processed
2026-02-28 WARN Slow response detected
2026-02-28 INFO Cache hit for product list
2026-02-28 ERROR Database connection timeout
2026-02-28 INFO Session validated
2026-02-28 INFO Heartbeat OK
2026-02-28 WARN High memory usage
2026-02-28 INFO File uploaded successfully
2026-02-28 ERROR Unauthorized access attempt
2026-02-28 INFO Payment processed
2026-02-28 INFO Fetched user profile
2026-02-28 WARN Cache miss occurred
2026-02-28 ERROR Payment gateway failure
2026-02-28 INFO Session validated
2026-02-28 INFO User login successful
2026-02-28 WARN Retrying database connection
2026-02-28 INFO Cache hit for product list
2026-02-28 ERROR Disk write failure
2026-02-28 INFO Heartbeat OK
2026-02-28 INFO User login successful
2026-02-28 INFO Payment processed
2026-02-28 WARN Rate limit approaching
2026-02-28 ERROR Service unavailable
2026-02-28 INFO File uploaded successfully
2026-02-28 INFO Session validated
2026-02-28 WARN Slow response detected
2026-02-28 ERROR API dependency failure
2026-02-28 INFO Heartbeat OK
2026-02-28 INFO Cache hit for product list
2026-02-28 INFO User login successful
2026-02-28 ERROR Null pointer exception
2026-02-28 INFO Payment processed
2026-02-28 WARN High memory usage
2026-02-28 INFO Fetched user profile
2026-02-28 INFO File uploaded successfully
2026-02-28 ERROR Database connection timeout
2026-02-28 INFO Session validated
2026-02-28 WARN Cache miss occurred
2026-02-28 INFO Heartbeat OK
2026-02-28 ERROR Unauthorized access attempt
2026-02-28 INFO Payment processed
2026-02-28 INFO Cache hit for product list
2026-02-28 WARN Retrying database connection
2026-02-28 ERROR Service unavailable
2026-02-28 INFO User login successful
2026-02-28 INFO Fetched user profile
2026-02-28 WARN Slow response detected
2026-02-28 ERROR Disk write failure
2026-02-28 WARN LOGGING FAILED